<?xml version="1.0" encoding="UTF-8"?>
<!-- Generated by org.testng.reporters.JUnitReportReporter -->
<testsuite skipped="0" hostname="DESKTOP-LI8B4JC" name="APIRestAssured.TC_APIRestAssured" tests="5" failures="0" timestamp="24 Sep 2019 11:05:00 GMT" time="10.793" errors="0">
  <testcase name="t_01_get_request_invalid_token" time="1.056" classname="APIRestAssured.TC_APIRestAssured"/>
  <testcase name="t_04_get_request_assertthat_hamcrest_equalto" time="1.148" classname="APIRestAssured.TC_APIRestAssured"/>
  <testcase name="T_03_get_request_fetch_all_names" time="5.798" classname="APIRestAssured.TC_APIRestAssured"/>
  <testcase name="t_06_post_create_new_user" time="2.016" classname="APIRestAssured.TC_APIRestAssured"/>
  <testcase name="t_02_get_request_valid_token" time="0.775" classname="APIRestAssured.TC_APIRestAssured"/>
</testsuite> <!-- APIRestAssured.TC_APIRestAssured -->
